2018-04-26 17:29:30 认证方式  有线认证
2018-04-26 17:29:30 认证网卡  enp3s0
2018-04-26 17:29:30 用户名  16100140117
2018-04-26 17:29:30 寻找认证服务器...
2018-04-26 17:29:31 连接认证服务器...
2018-04-26 17:29:32 正在进行认证...
2018-04-26 17:29:33 认证成功
2018-04-26 17:30:02 退出客户端成功
2018-04-26 17:31:07 认证方式  有线认证
2018-04-26 17:31:07 认证网卡  enp3s0
2018-04-26 17:31:07 用户名  16100140117
2018-04-26 17:31:07 寻找认证服务器...
2018-04-26 17:31:08 连接认证服务器...
2018-04-26 17:31:09 正在进行认证...
2018-04-26 17:31:10 认证成功
2018-04-26 20:15:38 退出客户端成功
2018-04-26 20:16:02 认证方式  有线认证
2018-04-26 20:16:02 认证网卡  enp3s0
2018-04-26 20:16:02 用户名  16100140117
2018-04-26 20:16:03 寻找认证服务器...
2018-04-26 20:16:04 连接认证服务器...
2018-04-26 20:16:05 正在进行认证...
2018-04-26 20:16:06 认证成功
2018-04-26 20:23:03 退出客户端成功
2018-04-26 20:23:07 认证方式  有线认证
2018-04-26 20:23:07 认证网卡  enp3s0
2018-04-26 20:23:07 用户名  16100140117
2018-04-26 20:23:08 寻找认证服务器...
2018-04-26 20:23:09 连接认证服务器...
2018-04-26 20:23:10 正在进行认证...
2018-04-26 20:23:11 认证成功
2018-04-26 20:24:01 认证方式  有线认证
2018-04-26 20:24:01 认证网卡  enp3s0
2018-04-26 20:24:01 用户名  16100140117
2018-04-26 20:24:02 寻找认证服务器...
2018-04-26 20:24:03 连接认证服务器...
2018-04-26 20:24:04 正在进行认证...
2018-04-26 20:24:05 认证成功
2018-04-26 20:24:51 退出客户端成功
2018-04-26 20:25:35 认证方式  有线认证
2018-04-26 20:25:35 认证网卡  enp3s0
2018-04-26 20:25:35 用户名  16100140117
2018-04-26 20:25:35 寻找认证服务器...
2018-04-26 20:25:36 连接认证服务器...
2018-04-26 20:25:37 正在进行认证...
2018-04-26 20:25:38 认证成功
2018-04-26 20:27:59 退出客户端成功
2018-04-26 20:28:04 认证方式  有线认证
2018-04-26 20:28:04 认证网卡  enp3s0
2018-04-26 20:28:04 用户名  16100140117
2018-04-26 20:28:05 寻找认证服务器...
2018-04-26 20:28:06 连接认证服务器...
2018-04-26 20:28:07 正在进行认证...
2018-04-26 20:28:08 认证成功
2018-04-26 20:28:47 退出客户端成功
2018-04-26 20:29:01 认证方式  有线认证
2018-04-26 20:29:01 认证网卡  enp3s0
2018-04-26 20:29:01 用户名  16100140117
2018-04-26 20:29:02 寻找认证服务器...
2018-04-26 20:29:03 连接认证服务器...
2018-04-26 20:29:04 正在进行认证...
2018-04-26 20:29:05 认证成功
2018-04-26 20:29:13 退出客户端成功
2018-04-26 20:31:01 认证方式  有线认证
2018-04-26 20:31:01 认证网卡  enp3s0
2018-04-26 20:31:01 用户名  16100140117
2018-04-26 20:31:02 寻找认证服务器...
2018-04-26 20:31:03 连接认证服务器...
2018-04-26 20:31:04 正在进行认证...
2018-04-26 20:31:05 认证成功
2018-04-26 20:31:33 退出客户端成功
2018-04-26 20:33:31 认证方式  有线认证
2018-04-26 20:33:31 认证网卡  enp3s0
2018-04-26 20:33:31 用户名  16100140117
2018-04-26 20:33:31 寻找认证服务器...
2018-04-26 20:33:32 连接认证服务器...
2018-04-26 20:33:33 正在进行认证...
2018-04-26 20:33:34 认证成功
2018-04-26 20:35:17 退出客户端成功
2018-04-26 20:35:23 认证方式  有线认证
2018-04-26 20:35:23 认证网卡  enp3s0
2018-04-26 20:35:23 用户名  16100140117
2018-04-26 20:35:23 寻找认证服务器...
2018-04-26 20:35:24 连接认证服务器...
2018-04-26 20:35:25 正在进行认证...
2018-04-26 20:35:26 认证成功
2018-04-26 21:17:37 2018-04-26 21:17:37 网线没有连接上，请检查网卡连接
2018-04-26 21:58:21 退出客户端成功
2018-04-27 07:18:48 认证方式  有线认证
2018-04-27 07:18:48 认证网卡  enp3s0
2018-04-27 07:18:48 用户名  16100140117
2018-04-27 07:18:49 寻找认证服务器...
2018-04-27 07:18:50 连接认证服务器...
2018-04-27 07:18:51 正在进行认证...
2018-04-27 07:18:52 认证成功
2018-04-27 14:30:31 2018-04-27 14:30:31 网线没有连接上，请检查网卡连接
2018-04-27 14:30:37 客户端提示： 网卡连接正常，连接速度:100.0 Mbps
2018-04-27 14:33:06 退出客户端成功
2018-04-27 14:35:54 认证方式  有线认证
2018-04-27 14:35:54 认证网卡  enp3s0
2018-04-27 14:35:54 用户名  16100140117
2018-04-27 14:35:55 寻找认证服务器...
2018-04-27 14:35:56 连接认证服务器...
2018-04-27 14:35:57 正在进行认证...
2018-04-27 14:35:58 认证成功
2018-04-27 18:55:27 2018-04-27 18:55:27 网线没有连接上，请检查网卡连接
2018-04-27 18:55:32 客户端提示： 网卡连接正常，连接速度:100.0 Mbps
2018-04-27 18:58:05 退出客户端成功
2018-04-27 18:58:11 认证方式  有线认证
2018-04-27 18:58:11 认证网卡  enp3s0
2018-04-27 18:58:11 用户名  16100140117
2018-04-27 18:58:12 寻找认证服务器...
2018-04-27 18:58:12 连接认证服务器...
2018-04-27 18:58:13 正在进行认证...
2018-04-27 18:58:14 认证成功
2018-04-27 20:13:05 2018-04-27 20:13:05 网线没有连接上，请检查网卡连接
2018-04-27 20:13:08 客户端提示： 网卡连接正常，连接速度:100.0 Mbps
2018-04-27 20:13:08 寻找认证服务器...
2018-04-27 20:13:10 连接认证服务器...
2018-04-27 20:13:11 正在进行认证...
2018-04-27 20:13:12 认证成功
2018-04-28 07:37:08 2018-04-28 07:37:08 网线没有连接上，请检查网卡连接
2018-04-28 07:37:15 客户端提示： 网卡连接正常，连接速度:100.0 Mbps
2018-04-28 07:38:16 认证方式  有线认证
2018-04-28 07:38:16 认证网卡  enp3s0
2018-04-28 07:38:16 用户名  16100140117
2018-04-28 07:38:17 寻找认证服务器...
2018-04-28 07:38:18 连接认证服务器...
2018-04-28 07:38:19 正在进行认证...
2018-04-28 07:38:20 认证成功
2018-04-28 09:02:39 退出客户端成功
2018-04-28 09:31:08 认证方式  有线认证
2018-04-28 09:31:08 认证网卡  enp3s0
2018-04-28 09:31:08 用户名  16100140117
2018-04-28 09:31:09 寻找认证服务器...
2018-04-28 09:31:10 连接认证服务器...
2018-04-28 09:31:11 正在进行认证...
2018-04-28 09:31:12 认证成功
2018-04-28 10:49:11 2018-04-28 10:49:11 网线没有连接上，请检查网卡连接
2018-04-28 10:49:58 退出客户端成功
2018-05-02 15:06:51 认证方式  有线认证
2018-05-02 15:06:51 认证网卡  enp3s0
2018-05-02 15:06:51 用户名  16100140117
2018-05-02 15:06:52 寻找认证服务器...
2018-05-02 15:06:53 连接认证服务器...
2018-05-02 15:06:54 正在进行认证...
2018-05-02 15:06:55 认证成功
2018-05-02 15:18:18 退出客户端成功
2018-05-02 15:20:24 认证方式  有线认证
2018-05-02 15:20:24 认证网卡  enp3s0
2018-05-02 15:20:24 用户名  16100140117
2018-05-02 15:20:25 寻找认证服务器...
2018-05-02 15:20:26 连接认证服务器...
2018-05-02 15:20:27 正在进行认证...
2018-05-02 15:20:28 认证成功
2018-05-02 15:24:00 退出客户端成功
2018-05-02 15:46:33 认证方式  有线认证
2018-05-02 15:46:33 认证网卡  enp3s0
2018-05-02 15:46:33 用户名  16100140117
2018-05-02 15:46:33 寻找认证服务器...
2018-05-02 15:46:34 连接认证服务器...
2018-05-02 15:46:35 正在进行认证...
2018-05-02 15:46:36 认证成功
2018-05-02 16:57:56 退出客户端成功
2018-05-02 16:59:04 认证方式  有线认证
2018-05-02 16:59:04 认证网卡  enp3s0
2018-05-02 16:59:04 用户名  16100140117
2018-05-02 16:59:05 寻找认证服务器...
2018-05-02 16:59:06 连接认证服务器...
2018-05-02 16:59:07 正在进行认证...
2018-05-02 16:59:08 认证成功
2018-05-02 17:10:19 退出客户端成功
2018-05-02 17:10:29 认证方式  有线认证
2018-05-02 17:10:29 认证网卡  enp3s0
2018-05-02 17:10:29 用户名  16100140117
2018-05-02 17:10:30 寻找认证服务器...
2018-05-02 17:10:31 连接认证服务器...
2018-05-02 17:10:32 正在进行认证...
2018-05-02 17:10:33 认证成功
2018-05-02 17:14:19 退出客户端成功
2018-05-02 17:14:23 认证方式  有线认证
2018-05-02 17:14:23 认证网卡  enp3s0
2018-05-02 17:14:23 用户名  16100140117
2018-05-02 17:14:23 寻找认证服务器...
2018-05-02 17:14:24 连接认证服务器...
2018-05-02 17:14:25 正在进行认证...
2018-05-02 17:14:26 认证成功
2018-05-02 17:15:52 退出客户端成功
2018-05-02 17:15:59 认证方式  有线认证
2018-05-02 17:15:59 认证网卡  enp3s0
2018-05-02 17:15:59 用户名  16100140117
2018-05-02 17:15:59 寻找认证服务器...
2018-05-02 17:16:00 连接认证服务器...
2018-05-02 17:16:01 正在进行认证...
2018-05-02 17:16:02 认证成功
2018-05-02 17:18:10 退出客户端成功
2018-05-02 17:18:16 认证方式  有线认证
2018-05-02 17:18:16 认证网卡  enp3s0
2018-05-02 17:18:16 用户名  16100140117
2018-05-02 17:18:16 寻找认证服务器...
2018-05-02 17:18:17 连接认证服务器...
2018-05-02 17:18:18 正在进行认证...
2018-05-02 17:18:19 认证成功
2018-05-02 17:22:15 退出客户端成功
2018-05-02 17:22:21 认证方式  有线认证
2018-05-02 17:22:21 认证网卡  enp3s0
2018-05-02 17:22:21 用户名  16100140117
2018-05-02 17:22:21 寻找认证服务器...
2018-05-02 17:22:22 连接认证服务器...
2018-05-02 17:22:23 正在进行认证...
2018-05-02 17:22:24 认证成功
2018-05-02 17:23:58 退出客户端成功
2018-05-02 17:24:02 认证方式  有线认证
2018-05-02 17:24:02 认证网卡  enp3s0
2018-05-02 17:24:02 用户名  16100140117
2018-05-02 17:24:02 寻找认证服务器...
2018-05-02 17:24:03 连接认证服务器...
2018-05-02 17:24:04 正在进行认证...
2018-05-02 17:24:05 认证成功
2018-05-02 17:32:17 退出客户端成功
2018-05-02 17:32:21 认证方式  有线认证
2018-05-02 17:32:21 认证网卡  enp3s0
2018-05-02 17:32:21 用户名  16100140117
2018-05-02 17:32:21 寻找认证服务器...
2018-05-02 17:32:22 连接认证服务器...
2018-05-02 17:32:23 正在进行认证...
2018-05-02 17:32:24 认证成功
2018-05-02 17:32:53 退出客户端成功
2018-05-02 17:32:57 认证方式  有线认证
2018-05-02 17:32:57 认证网卡  enp3s0
2018-05-02 17:32:57 用户名  16100140117
2018-05-02 17:32:58 寻找认证服务器...
2018-05-02 17:32:59 连接认证服务器...
2018-05-02 17:33:00 正在进行认证...
2018-05-02 17:33:01 认证成功
2018-05-02 17:33:21 退出客户端成功
2018-05-02 17:33:30 认证方式  有线认证
2018-05-02 17:33:30 认证网卡  enp3s0
2018-05-02 17:33:30 用户名  16100140117
2018-05-02 17:33:30 寻找认证服务器...
2018-05-02 17:33:31 连接认证服务器...
2018-05-02 17:33:32 正在进行认证...
2018-05-02 17:33:33 认证成功
2018-05-02 18:42:22 退出客户端成功
2018-05-02 19:18:45 认证方式  有线认证
2018-05-02 19:18:45 认证网卡  enp3s0
2018-05-02 19:18:45 用户名  16100140117
2018-05-02 19:18:45 寻找认证服务器...
2018-05-02 19:18:46 连接认证服务器...
2018-05-02 19:18:47 正在进行认证...
2018-05-02 19:18:48 认证成功
2018-05-02 19:19:12 退出客户端成功
2018-05-02 19:19:41 认证方式  有线认证
2018-05-02 19:19:41 认证网卡  enp3s0
2018-05-02 19:19:41 用户名  16100140117
2018-05-02 19:19:41 寻找认证服务器...
2018-05-02 19:19:42 连接认证服务器...
2018-05-02 19:19:43 正在进行认证...
2018-05-02 19:19:44 认证成功
2018-05-02 19:19:59 退出客户端成功
2018-05-02 19:20:22 认证方式  有线认证
2018-05-02 19:20:22 认证网卡  enp3s0
2018-05-02 19:20:22 用户名  16100140117
2018-05-02 19:20:22 寻找认证服务器...
2018-05-02 19:20:23 连接认证服务器...
2018-05-02 19:20:24 正在进行认证...
2018-05-02 19:20:25 认证成功
2018-05-02 21:46:51 2018-05-02 21:46:51 网线没有连接上，请检查网卡连接
2018-05-03 07:13:15 客户端提示： 网卡连接正常，连接速度:100.0 Mbps
2018-05-03 07:16:16 退出客户端成功
2018-05-03 07:16:31 认证方式  有线认证
2018-05-03 07:16:31 认证网卡  enp3s0
2018-05-03 07:16:31 用户名  16100140117
2018-05-03 07:16:32 寻找认证服务器...
2018-05-03 07:16:32 连接认证服务器...
2018-05-03 07:16:33 正在进行认证...
2018-05-03 07:16:34 认证成功
2018-05-03 07:17:03 退出客户端成功
2018-05-03 07:18:23 认证方式  有线认证
2018-05-03 07:18:23 认证网卡  enp3s0
2018-05-03 07:18:23 用户名  16100140117
2018-05-03 07:18:24 寻找认证服务器...
2018-05-03 07:18:25 连接认证服务器...
2018-05-03 07:18:26 正在进行认证...
2018-05-03 07:18:27 认证成功
2018-05-03 15:28:30 2018-05-03 15:28:30 网线没有连接上，请检查网卡连接
2018-05-03 15:28:36 客户端提示： 网卡连接正常，连接速度:100.0 Mbps
2018-05-03 15:29:13 退出客户端成功
2018-05-03 15:29:19 认证方式  有线认证
2018-05-03 15:29:19 认证网卡  enp3s0
2018-05-03 15:29:19 用户名  16100140117
2018-05-03 15:29:20 寻找认证服务器...
2018-05-03 15:29:21 连接认证服务器...
2018-05-03 15:29:22 正在进行认证...
2018-05-03 15:29:23 认证成功
2018-05-03 21:16:46 退出客户端成功
2018-05-03 21:18:12 认证方式  有线认证
2018-05-03 21:18:12 认证网卡  enp3s0
2018-05-03 21:18:12 用户名  16100140117
2018-05-03 21:18:12 寻找认证服务器...
2018-05-03 21:18:13 连接认证服务器...
2018-05-03 21:18:14 正在进行认证...
2018-05-03 21:18:15 认证成功
2018-05-03 21:21:53 退出客户端成功
2018-05-04 09:06:52 认证方式  有线认证
2018-05-04 09:06:52 认证网卡  enp3s0
2018-05-04 09:06:52 用户名  16100140117
2018-05-04 09:06:53 寻找认证服务器...
2018-05-04 09:06:53 连接认证服务器...
2018-05-04 09:06:54 正在进行认证...
2018-05-04 09:06:55 认证成功
2018-05-04 13:03:33 2018-05-04 13:03:33 网线没有连接上，请检查网卡连接
2018-05-04 13:03:36 客户端提示： 网卡连接正常，连接速度:100.0 Mbps
2018-05-04 13:03:36 寻找认证服务器...
2018-05-04 13:03:37 连接认证服务器...
2018-05-04 13:03:39 正在进行认证...
2018-05-04 13:03:40 认证成功
2018-05-04 13:03:57 退出客户端成功
2018-05-04 13:04:02 认证方式  有线认证
2018-05-04 13:04:02 认证网卡  enp3s0
2018-05-04 13:04:02 用户名  16100140117
2018-05-04 13:04:03 寻找认证服务器...
2018-05-04 13:04:04 连接认证服务器...
2018-05-04 13:04:05 正在进行认证...
2018-05-04 13:04:06 认证成功
2018-05-04 15:56:14 2018-05-04 15:56:14 网线没有连接上，请检查网卡连接
2018-05-04 15:56:14 客户端提示： 网卡连接正常，连接速度:100.0 Mbps
2018-05-04 15:56:14 寻找认证服务器...
2018-05-04 15:56:17 寻找认证服务器...
2018-05-04 15:56:17 连接认证服务器...
2018-05-04 15:56:18 正在进行认证...
2018-05-04 15:56:19 认证成功
2018-05-04 15:56:40 退出客户端成功
2018-05-04 15:56:45 认证方式  有线认证
2018-05-04 15:56:45 认证网卡  enp3s0
2018-05-04 15:56:45 用户名  16100140117
2018-05-04 15:56:46 寻找认证服务器...
2018-05-04 15:56:47 连接认证服务器...
2018-05-04 15:56:48 正在进行认证...
2018-05-04 15:56:49 认证成功
2018-05-04 18:48:55 2018-05-04 18:48:55 网线没有连接上，请检查网卡连接
2018-05-04 18:48:58 客户端提示： 网卡连接正常，连接速度:100.0 Mbps
2018-05-04 18:48:58 寻找认证服务器...
2018-05-04 18:48:59 连接认证服务器...
2018-05-04 18:49:01 正在进行认证...
2018-05-04 18:49:02 认证成功
2018-05-04 21:04:26 2018-05-04 21:04:26 网线没有连接上，请检查网卡连接
2018-05-04 21:19:19 客户端提示： 网卡连接正常，连接速度:100.0 Mbps
2018-05-05 08:37:17 2018-05-05 08:37:17 网线没有连接上，请检查网卡连接
2018-05-05 08:37:34 2018-05-05 08:37:34 网卡已被禁用,请检查网卡
2018-05-05 08:38:49 客户端提示： 网卡连接正常，连接速度:100.0 Mbps
2018-05-05 08:42:36 认证方式  有线认证
2018-05-05 08:42:36 认证网卡  enp3s0
2018-05-05 08:42:36 用户名  16100140117
2018-05-05 08:42:37 寻找认证服务器...
2018-05-05 08:42:38 连接认证服务器...
2018-05-05 08:42:39 正在进行认证...
2018-05-05 08:42:40 认证成功
2018-05-05 21:16:32 2018-05-05 21:16:32 网线没有连接上，请检查网卡连接
2018-05-06 08:22:14 2018-05-06 08:22:14 网卡已被禁用,请检查网卡
2018-05-06 08:22:25 客户端提示： 网卡连接正常，连接速度:100.0 Mbps
2018-05-06 08:40:37 认证方式  有线认证
2018-05-06 08:40:37 认证网卡  enp3s0
2018-05-06 08:40:37 用户名  16100140117
2018-05-06 08:40:37 寻找认证服务器...
2018-05-06 08:40:38 连接认证服务器...
2018-05-06 08:40:39 正在进行认证...
2018-05-06 08:40:40 认证成功
2018-05-06 09:14:57 退出客户端成功
2018-05-06 09:16:04 认证方式  有线认证
2018-05-06 09:16:04 认证网卡  enp3s0
2018-05-06 09:16:04 用户名  16100140117
2018-05-06 09:16:05 寻找认证服务器...
2018-05-06 09:16:05 连接认证服务器...
2018-05-06 09:16:06 正在进行认证...
2018-05-06 09:16:07 认证成功
2018-05-07 05:34:43 2018-05-07 05:34:43 网线没有连接上，请检查网卡连接
2018-05-07 05:34:46 客户端提示： 网卡连接正常，连接速度:100.0 Mbps
2018-05-07 05:34:46 寻找认证服务器...
2018-05-07 05:34:48 连接认证服务器...
2018-05-07 05:34:49 正在进行认证...
2018-05-07 05:34:50 认证成功
2018-05-07 05:35:34 退出客户端成功
2018-05-07 06:51:50 认证方式  有线认证
2018-05-07 06:51:50 认证网卡  enp3s0
2018-05-07 06:51:50 用户名  16100140117
2018-05-07 06:51:50 寻找认证服务器...
2018-05-07 06:51:51 连接认证服务器...
2018-05-07 06:51:52 正在进行认证...
2018-05-07 06:51:53 认证成功
2018-05-07 19:01:19 退出客户端成功
2018-05-07 19:02:49 认证方式  有线认证
2018-05-07 19:02:49 认证网卡  enp3s0
2018-05-07 19:02:49 用户名  16100140117
2018-05-07 19:02:49 寻找认证服务器...
2018-05-07 19:02:50 连接认证服务器...
2018-05-07 19:02:51 正在进行认证...
2018-05-07 19:02:52 认证成功
2018-05-07 21:05:05 2018-05-07 21:05:05 网线没有连接上，请检查网卡连接
2018-05-07 21:06:22 客户端提示： 网卡连接正常，连接速度:100.0 Mbps
2018-05-08 12:46:47 2018-05-08 12:46:47 网线没有连接上，请检查网卡连接
2018-05-08 12:46:53 客户端提示： 网卡连接正常，连接速度:100.0 Mbps
2018-05-08 12:47:28 退出客户端成功
2018-05-08 12:47:32 认证方式  有线认证
2018-05-08 12:47:32 认证网卡  enp3s0
2018-05-08 12:47:32 用户名  16100140117
2018-05-08 12:47:33 寻找认证服务器...
2018-05-08 12:47:34 连接认证服务器...
2018-05-08 12:47:35 正在进行认证...
2018-05-08 12:47:36 认证成功
2018-05-09 10:19:21 2018-05-09 10:19:21 网线没有连接上，请检查网卡连接
2018-05-09 10:19:27 客户端提示： 网卡连接正常，连接速度:100.0 Mbps
2018-05-09 10:41:26 退出客户端成功
2018-05-09 10:41:37 认证方式  有线认证
2018-05-09 10:41:37 认证网卡  enp3s0
2018-05-09 10:41:37 用户名  16100140117
2018-05-09 10:41:37 寻找认证服务器...
2018-05-09 10:41:38 连接认证服务器...
2018-05-09 10:41:39 正在进行认证...
2018-05-09 10:41:40 认证成功
2018-05-09 16:29:54 退出客户端成功
2018-05-16 14:29:49 认证方式  有线认证
2018-05-16 14:29:49 认证网卡  enp3s0
2018-05-16 14:29:49 用户名  16100140117
2018-05-16 14:29:49 寻找认证服务器...
2018-05-16 14:29:50 连接认证服务器...
2018-05-16 14:29:51 正在进行认证...
2018-05-16 14:29:52 认证成功
2018-05-16 14:30:28 退出客户端成功
2018-05-16 14:30:35 认证方式  有线认证
2018-05-16 14:30:35 认证网卡  enp3s0
2018-05-16 14:30:35 用户名  16100140117
2018-05-16 14:30:36 寻找认证服务器...
2018-05-16 14:30:37 连接认证服务器...
2018-05-16 14:30:38 正在进行认证...
2018-05-16 14:30:39 认证成功
2018-05-16 19:01:49 退出客户端成功
2018-05-16 19:03:00 认证方式  有线认证
2018-05-16 19:03:00 认证网卡  enp3s0
2018-05-16 19:03:00 用户名  16100140117
2018-05-16 19:03:01 寻找认证服务器...
2018-05-16 19:03:02 连接认证服务器...
2018-05-16 19:03:03 正在进行认证...
2018-05-16 19:03:04 认证成功
2018-05-16 19:29:50 退出客户端成功
2018-05-16 19:30:25 认证方式  有线认证
2018-05-16 19:30:25 认证网卡  enp3s0
2018-05-16 19:30:25 用户名  16100140117
2018-05-16 19:30:26 寻找认证服务器...
2018-05-16 19:30:27 连接认证服务器...
2018-05-16 19:30:28 正在进行认证...
2018-05-16 19:30:29 认证成功
2018-05-16 19:31:53 退出客户端成功
2018-05-16 19:33:09 认证方式  有线认证
2018-05-16 19:33:09 认证网卡  enp3s0
2018-05-16 19:33:09 用户名  16100140117
2018-05-16 19:33:09 寻找认证服务器...
2018-05-16 19:33:10 连接认证服务器...
2018-05-16 19:33:11 正在进行认证...
2018-05-16 19:33:12 认证成功
2018-05-16 19:50:18 退出客户端成功
2018-05-16 19:50:44 认证方式  有线认证
2018-05-16 19:50:44 认证网卡  enp3s0
2018-05-16 19:50:44 用户名  16100140117
2018-05-16 19:50:45 寻找认证服务器...
2018-05-16 19:50:46 连接认证服务器...
2018-05-16 19:50:47 正在进行认证...
2018-05-16 19:50:48 认证成功
2018-05-16 19:51:00 退出客户端成功
2018-05-16 19:51:57 认证方式  有线认证
2018-05-16 19:51:57 认证网卡  enp3s0
2018-05-16 19:51:57 用户名  16100140117
2018-05-16 19:51:57 寻找认证服务器...
2018-05-16 19:51:58 连接认证服务器...
2018-05-16 19:51:59 正在进行认证...
2018-05-16 19:52:00 认证成功
2018-05-16 19:57:15 退出客户端成功
2018-05-16 19:57:21 认证方式  有线认证
2018-05-16 19:57:21 认证网卡  enp3s0
2018-05-16 19:57:21 用户名  16100140117
2018-05-16 19:57:22 寻找认证服务器...
2018-05-16 19:57:23 连接认证服务器...
2018-05-16 19:57:24 正在进行认证...
2018-05-16 19:57:25 认证成功
2018-05-16 20:03:58 退出客户端成功
2018-05-24 22:24:07 认证方式  有线认证
2018-05-24 22:24:07 认证网卡  enp3s0
2018-05-24 22:24:07 用户名  16100140117
2018-05-24 22:24:07 寻找认证服务器...
2018-05-24 22:24:08 连接认证服务器...
2018-05-24 22:24:09 正在进行认证...
2018-05-24 22:24:10 认证成功
2018-06-10 17:04:37 认证方式  有线认证
2018-06-10 17:04:37 认证网卡  enp3s0
2018-06-10 17:04:37 用户名  15109641416
2018-06-10 17:04:38 寻找认证服务器...
2018-06-10 17:04:39 连接认证服务器...
2018-06-10 17:04:40 正在进行认证...
2018-06-10 17:04:41 认证成功
2018-06-10 21:20:46 2018-06-10 21:20:46 网线没有连接上，请检查网卡连接
2018-06-10 23:12:07 2018-06-10 23:12:07 网卡已被禁用,请检查网卡
2018-06-11 10:33:58 客户端提示： 网卡连接正常，连接速度:100.0 Mbps
2018-06-11 10:46:20 退出客户端成功
2018-06-11 10:47:10 认证方式  有线认证
2018-06-11 10:47:10 认证网卡  enp3s0
2018-06-11 10:47:10 用户名  15109641416
2018-06-11 10:47:11 寻找认证服务器...
2018-06-11 10:47:12 连接认证服务器...
2018-06-11 10:47:13 正在进行认证...
2018-06-11 10:47:14 认证失败已经达到在线用户上限！
2018-06-11 10:48:21 认证方式  有线认证
2018-06-11 10:48:21 认证网卡  enp3s0
2018-06-11 10:48:21 用户名  15109641416
2018-06-11 10:48:21 寻找认证服务器...
2018-06-11 10:48:22 连接认证服务器...
2018-06-11 10:48:23 正在进行认证...
2018-06-11 10:48:24 认证成功
2018-06-11 19:03:21 认证方式  有线认证
2018-06-11 19:03:21 认证网卡  enp3s0
2018-06-11 19:03:21 用户名  15109641416
2018-06-11 19:03:22 寻找认证服务器...
2018-06-11 19:03:23 认证失败
2018-06-11 19:03:23 连接认证服务器...
2018-06-11 19:03:24 正在进行认证...
2018-06-11 19:03:25 认证成功
2018-06-11 20:45:54 退出客户端成功
2018-06-11 20:46:38 认证方式  有线认证
2018-06-11 20:46:38 认证网卡  enp3s0
2018-06-11 20:46:38 用户名  15109641416
2018-06-11 20:46:39 寻找认证服务器...
2018-06-11 20:46:40 连接认证服务器...
2018-06-11 20:46:41 正在进行认证...
2018-06-11 20:46:42 认证成功
2018-06-11 20:52:46 退出客户端成功
2018-06-11 20:56:51 认证方式  有线认证
2018-06-11 20:56:51 认证网卡  enp3s0
2018-06-11 20:56:51 用户名  15109641416
2018-06-11 20:56:52 寻找认证服务器...
2018-06-11 20:56:53 连接认证服务器...
2018-06-11 20:56:54 正在进行认证...
2018-06-11 20:56:55 认证成功
2018-06-11 21:08:31 退出客户端成功
2018-06-11 21:08:44 认证方式  有线认证
2018-06-11 21:08:44 认证网卡  enp3s0
2018-06-11 21:08:44 用户名  15109641416
2018-06-11 21:08:45 寻找认证服务器...
2018-06-11 21:08:46 连接认证服务器...
2018-06-11 21:08:47 正在进行认证...
2018-06-11 21:08:48 认证成功
2018-06-11 21:08:56 退出客户端成功
2018-06-11 21:11:17 认证方式  有线认证
2018-06-11 21:11:17 认证网卡  enp3s0
2018-06-11 21:11:17 用户名  15109641416
2018-06-11 21:11:18 寻找认证服务器...
2018-06-11 21:11:18 连接认证服务器...
2018-06-11 21:11:19 正在进行认证...
2018-06-11 21:11:20 认证成功
2018-06-11 21:16:25 退出客户端成功
2018-06-11 21:16:31 认证方式  有线认证
2018-06-11 21:16:31 认证网卡  enp3s0
2018-06-11 21:16:31 用户名  15109641416
2018-06-11 21:16:32 寻找认证服务器...
2018-06-11 21:16:33 连接认证服务器...
2018-06-11 21:16:34 正在进行认证...
2018-06-11 21:16:35 认证成功
2018-06-11 21:19:54 退出客户端成功
2018-06-11 21:20:23 认证方式  有线认证
2018-06-11 21:20:23 认证网卡  enp3s0
2018-06-11 21:20:23 用户名  16100140117
2018-06-11 21:20:24 寻找认证服务器...
2018-06-11 21:20:25 连接认证服务器...
2018-06-11 21:20:26 正在进行认证...
2018-06-11 21:20:27 认证成功
2018-06-11 21:20:34 退出客户端成功
2018-06-11 21:20:54 认证方式  有线认证
2018-06-11 21:20:54 认证网卡  enp3s0
2018-06-11 21:20:54 用户名  16100140117
2018-06-11 21:20:55 寻找认证服务器...
2018-06-11 21:20:56 连接认证服务器...
2018-06-11 21:20:57 正在进行认证...
2018-06-11 21:20:58 认证成功
2018-06-11 21:21:12 退出客户端成功
2018-06-11 21:21:37 认证方式  有线认证
2018-06-11 21:21:37 认证网卡  enp3s0
2018-06-11 21:21:37 用户名  15109641416
2018-06-11 21:21:38 寻找认证服务器...
2018-06-11 21:21:39 连接认证服务器...
2018-06-11 21:21:40 正在进行认证...
2018-06-11 21:21:41 认证成功
2018-06-11 21:22:00 退出客户端成功
2018-06-11 21:22:15 认证方式  有线认证
2018-06-11 21:22:15 认证网卡  enp3s0
2018-06-11 21:22:15 用户名  15109641416
2018-06-11 21:22:16 寻找认证服务器...
2018-06-11 21:22:16 连接认证服务器...
2018-06-11 21:22:17 正在进行认证...
2018-06-11 21:22:18 认证成功
2018-06-11 21:22:29 退出客户端成功
2018-06-12 08:20:27 认证方式  有线认证
2018-06-12 08:20:27 认证网卡  enp3s0
2018-06-12 08:20:27 用户名  15109641416
2018-06-12 08:20:27 寻找认证服务器...
2018-06-12 08:20:28 连接认证服务器...
2018-06-12 08:20:29 正在进行认证...
2018-06-12 08:20:30 认证成功
2018-06-12 08:21:09 退出客户端成功
2018-06-12 08:27:08 认证方式  有线认证
2018-06-12 08:27:08 认证网卡  enp3s0
2018-06-12 08:27:08 用户名  15109641416
2018-06-12 08:27:09 寻找认证服务器...
2018-06-12 08:27:09 连接认证服务器...
2018-06-12 08:27:10 正在进行认证...
2018-06-12 08:27:11 认证成功
2018-06-12 08:28:15 退出客户端成功
2018-06-12 08:28:37 认证方式  有线认证
2018-06-12 08:28:37 认证网卡  enp3s0
2018-06-12 08:28:37 用户名  16100140117
2018-06-12 08:28:37 寻找认证服务器...
2018-06-12 08:28:38 连接认证服务器...
2018-06-12 08:28:39 正在进行认证...
2018-06-12 08:28:40 认证成功
2018-06-12 08:30:55 退出客户端成功
2018-06-12 08:31:06 认证方式  有线认证
2018-06-12 08:31:06 认证网卡  enp3s0
2018-06-12 08:31:06 用户名  15109641416
2018-06-12 08:31:07 寻找认证服务器...
2018-06-12 08:31:08 连接认证服务器...
2018-06-12 08:31:09 正在进行认证...
2018-06-12 08:31:10 认证成功
2018-06-12 08:31:32 退出客户端成功
2018-06-12 08:31:40 认证方式  有线认证
2018-06-12 08:31:40 认证网卡  enp3s0
2018-06-12 08:31:40 用户名  15109641416
2018-06-12 08:31:41 寻找认证服务器...
2018-06-12 08:31:42 连接认证服务器...
2018-06-12 08:31:43 正在进行认证...
2018-06-12 08:31:44 认证成功
2018-06-12 09:42:16 退出客户端成功
2018-06-12 09:42:41 认证方式  有线认证
2018-06-12 09:42:41 认证网卡  enp3s0
2018-06-12 09:42:41 用户名  15109641416
2018-06-12 09:42:42 寻找认证服务器...
2018-06-12 09:42:43 连接认证服务器...
2018-06-12 09:42:44 正在进行认证...
2018-06-12 09:42:45 认证成功
2018-06-12 10:34:42 退出客户端成功
2018-06-12 10:35:09 认证方式  有线认证
2018-06-12 10:35:09 认证网卡  enp3s0
2018-06-12 10:35:09 用户名  15109641416
2018-06-12 10:35:10 寻找认证服务器...
2018-06-12 10:35:11 连接认证服务器...
2018-06-12 10:35:12 正在进行认证...
2018-06-12 10:35:13 认证成功
2018-06-12 10:44:03 退出客户端成功
2018-06-12 10:46:56 认证方式  有线认证
2018-06-12 10:46:56 认证网卡  enp3s0
2018-06-12 10:46:56 用户名  15109641416
2018-06-12 10:46:56 寻找认证服务器...
2018-06-12 10:46:57 连接认证服务器...
2018-06-12 10:46:58 正在进行认证...
2018-06-12 10:46:59 认证成功
2018-06-12 10:47:49 退出客户端成功
2018-06-12 10:48:09 认证方式  有线认证
2018-06-12 10:48:09 认证网卡  enp3s0
2018-06-12 10:48:09 用户名  15109641416
2018-06-12 10:48:09 寻找认证服务器...
2018-06-12 10:48:10 连接认证服务器...
2018-06-12 10:48:11 正在进行认证...
2018-06-12 10:48:12 认证成功
2018-06-12 10:49:05 退出客户端成功
2018-06-12 10:49:14 认证方式  有线认证
2018-06-12 10:49:14 认证网卡  enp3s0
2018-06-12 10:49:14 用户名  15109641416
2018-06-12 10:49:14 寻找认证服务器...
2018-06-12 10:49:15 连接认证服务器...
2018-06-12 10:49:16 正在进行认证...
2018-06-12 10:49:17 认证成功
2018-06-12 11:04:59 退出客户端成功
2018-06-12 11:05:09 认证方式  有线认证
2018-06-12 11:05:09 认证网卡  enp3s0
2018-06-12 11:05:09 用户名  123
2018-06-12 11:05:09 寻找认证服务器...
2018-06-12 11:05:10 连接认证服务器...
2018-06-12 11:05:11 正在进行认证...
2018-06-12 11:05:12 认证失败密码错误，请重新输入。
2018-06-12 11:05:34 认证方式  有线认证
2018-06-12 11:05:34 认证网卡  enp3s0
2018-06-12 11:05:34 用户名  123
2018-06-12 11:05:35 寻找认证服务器...
2018-06-12 11:05:36 连接认证服务器...
2018-06-12 11:05:37 正在进行认证...
2018-06-12 11:05:38 认证失败密码错误，请重新输入。
2018-06-12 11:06:36 认证方式  有线认证
2018-06-12 11:06:36 认证网卡  enp3s0
2018-06-12 11:06:36 用户名  123
2018-06-12 11:06:36 寻找认证服务器...
2018-06-12 11:06:37 连接认证服务器...
2018-06-12 11:06:38 正在进行认证...
2018-06-12 11:06:39 认证失败密码错误，请重新输入。
2018-06-12 11:08:22 认证方式  有线认证
2018-06-12 11:08:22 认证网卡  enp3s0
2018-06-12 11:08:22 用户名  15109641416
2018-06-12 11:08:22 寻找认证服务器...
2018-06-12 11:08:23 连接认证服务器...
2018-06-12 11:08:24 正在进行认证...
2018-06-12 11:08:25 认证成功
2018-06-12 11:27:22 退出客户端成功
2018-06-12 11:40:20 认证方式  有线认证
2018-06-12 11:40:20 认证网卡  enp3s0
2018-06-12 11:40:20 用户名  15109641416
2018-06-12 11:40:20 寻找认证服务器...
2018-06-12 11:40:21 连接认证服务器...
2018-06-12 11:40:22 正在进行认证...
2018-06-12 11:40:23 认证成功
2018-06-12 16:42:08 认证方式  有线认证
2018-06-12 16:42:08 认证网卡  enp3s0
2018-06-12 16:42:08 用户名  15109641416
2018-06-12 16:42:09 寻找认证服务器...
2018-06-12 16:42:10 连接认证服务器...
2018-06-12 16:42:11 正在进行认证...
2018-06-12 16:42:12 认证成功
2018-06-12 18:51:22 退出客户端成功
2018-06-12 18:53:35 认证方式  有线认证
2018-06-12 18:53:35 认证网卡  enp3s0
2018-06-12 18:53:35 用户名  15109641416
2018-06-12 18:53:36 寻找认证服务器...
2018-06-12 18:53:37 连接认证服务器...
2018-06-12 18:53:38 正在进行认证...
2018-06-12 18:53:39 认证成功
2018-06-12 18:53:55 退出客户端成功
2018-06-12 18:54:36 认证方式  有线认证
2018-06-12 18:54:36 认证网卡  enp3s0
2018-06-12 18:54:36 用户名  15109641416
2018-06-12 18:54:37 寻找认证服务器...
2018-06-12 18:54:38 连接认证服务器...
2018-06-12 18:54:39 正在进行认证...
2018-06-12 18:54:40 认证成功
2018-06-12 18:54:54 退出客户端成功
2018-06-12 18:55:06 认证方式  有线认证
2018-06-12 18:55:06 认证网卡  enp3s0
2018-06-12 18:55:06 用户名  15109641416
2018-06-12 18:55:07 寻找认证服务器...
2018-06-12 18:55:08 连接认证服务器...
2018-06-12 18:55:09 正在进行认证...
2018-06-12 18:55:10 认证成功
2018-06-12 21:43:34 2018-06-12 21:43:34 网线没有连接上，请检查网卡连接
2018-06-12 22:30:41 2018-06-12 22:30:41 网卡已被禁用,请检查网卡
2018-06-13 06:30:56 认证方式  有线认证
2018-06-13 06:30:56 认证网卡  enp3s0
2018-06-13 06:30:56 用户名  15109641416
2018-06-13 06:30:57 寻找认证服务器...
2018-06-13 06:30:58 连接认证服务器...
2018-06-13 06:30:59 正在进行认证...
2018-06-13 06:31:00 认证成功
2018-06-13 06:31:26 退出客户端成功
2018-06-13 06:31:46 认证方式  有线认证
2018-06-13 06:31:46 认证网卡  enp3s0
2018-06-13 06:31:46 用户名  15109641416
2018-06-13 06:31:46 寻找认证服务器...
2018-06-13 06:31:47 连接认证服务器...
2018-06-13 06:31:48 正在进行认证...
2018-06-13 06:31:49 认证成功
2018-06-13 06:32:51 退出客户端成功
2018-06-13 06:32:57 认证方式  有线认证
2018-06-13 06:32:57 认证网卡  enp3s0
2018-06-13 06:32:57 用户名  15109641416
2018-06-13 06:32:58 寻找认证服务器...
2018-06-13 06:32:59 连接认证服务器...
2018-06-13 06:33:00 正在进行认证...
2018-06-13 06:33:01 认证成功
2018-06-13 06:33:19 退出客户端成功
2018-06-13 06:36:16 认证方式  有线认证
2018-06-13 06:36:16 认证网卡  enp3s0
2018-06-13 06:36:16 用户名  15109641416
2018-06-13 06:36:17 寻找认证服务器...
2018-06-13 06:36:18 连接认证服务器...
2018-06-13 06:36:19 正在进行认证...
2018-06-13 06:36:20 认证成功
2018-06-13 06:41:32 2018-06-13 06:41:32 网线没有连接上，请检查网卡连接
2018-06-13 07:39:03 客户端提示： 网卡连接正常，连接速度:100.0 Mbps
2018-06-13 09:13:46 2018-06-13 09:13:46 网线没有连接上，请检查网卡连接
2018-06-13 09:16:56 2018-06-13 09:16:56 网卡已被禁用,请检查网卡
2018-06-13 09:18:41 客户端提示： 网卡连接正常，连接速度:100.0 Mbps
2018-06-13 09:18:41 寻找认证服务器...
2018-06-13 09:18:42 连接认证服务器...
2018-06-13 09:18:43 正在进行认证...
2018-06-13 09:18:44 认证成功
2018-06-13 12:24:45 退出客户端成功
2018-06-13 12:24:52 认证方式  有线认证
2018-06-13 12:24:52 认证网卡  enp3s0
2018-06-13 12:24:52 用户名  15109641416
2018-06-13 12:24:52 寻找认证服务器...
2018-06-13 12:24:53 连接认证服务器...
2018-06-13 12:24:54 正在进行认证...
2018-06-13 12:24:55 认证成功
2018-06-13 12:25:06 退出客户端成功
2018-06-13 12:30:15 认证方式  有线认证
2018-06-13 12:30:15 认证网卡  enp3s0
2018-06-13 12:30:15 用户名  15109641416
2018-06-13 12:30:16 寻找认证服务器...
2018-06-13 12:30:16 连接认证服务器...
2018-06-13 12:30:17 正在进行认证...
2018-06-13 12:30:18 认证成功
2018-06-13 21:36:51 2018-06-13 21:36:51 网线没有连接上，请检查网卡连接
2018-06-13 21:37:23 退出客户端成功
2018-06-13 22:41:02 认证方式  有线认证
2018-06-13 22:41:02 认证网卡  enp3s0
2018-06-13 22:41:02 用户名  16100140117
2018-06-13 22:47:12 退出客户端成功
2018-06-13 22:50:41 认证方式  有线认证
2018-06-13 22:50:41 认证网卡  wlp2s0
2018-06-13 22:50:41 用户名  15109641416
2018-06-13 22:50:41 寻找认证服务器...
2018-06-13 22:50:42 2018-06-13 22:50:42 网线没有连接上，请检查网卡连接
2018-06-13 22:50:44 寻找认证服务器...
2018-06-13 22:50:47 寻找认证服务器...
2018-06-13 22:50:50 认证失败无法连接认证服务器。
2018-06-13 22:51:15 客户端提示： 网卡连接正常，连接速度:72.0 Mbps
2018-06-13 22:51:15 寻找认证服务器...
2018-06-13 22:51:18 寻找认证服务器...
2018-06-13 22:51:21 寻找认证服务器...
2018-06-13 22:51:24 认证失败无法连接认证服务器。
2018-06-13 22:53:19 退出客户端成功
2018-06-13 22:55:09 认证方式  有线认证
2018-06-13 22:55:09 认证网卡  enp3s0
2018-06-13 22:55:09 用户名  15109641416
2018-06-13 22:55:10 寻找认证服务器...
2018-06-13 22:55:11 连接认证服务器...
2018-06-13 22:55:12 正在进行认证...
2018-06-13 22:55:13 认证成功
2018-06-13 22:55:46 退出客户端成功
2018-06-13 22:56:39 认证方式  有线认证
2018-06-13 22:56:39 认证网卡  enp3s0
2018-06-13 22:56:39 用户名  15109641416
2018-06-13 22:56:39 寻找认证服务器...
2018-06-13 22:56:40 连接认证服务器...
2018-06-13 22:56:41 正在进行认证...
2018-06-13 22:56:42 认证成功
2018-06-13 22:56:50 退出客户端成功
2018-06-13 22:57:24 认证方式  有线认证
2018-06-13 22:57:24 认证网卡  enp3s0
2018-06-13 22:57:24 用户名  15109641416
2018-06-13 22:57:24 寻找认证服务器...
2018-06-13 22:57:25 连接认证服务器...
2018-06-13 22:58:04 认证方式  有线认证
2018-06-13 22:58:04 认证网卡  enp3s0
2018-06-13 22:58:04 用户名  15109641416
2018-06-13 22:58:04 寻找认证服务器...
2018-06-13 22:58:05 连接认证服务器...
2018-06-13 22:58:06 正在进行认证...
2018-06-13 22:58:07 认证成功
2018-06-13 22:59:35 退出客户端成功
2018-06-13 23:00:41 认证方式  有线认证
2018-06-13 23:00:41 认证网卡  enp3s0
2018-06-13 23:00:41 用户名  15109641416
2018-06-13 23:00:41 寻找认证服务器...
2018-06-13 23:00:42 连接认证服务器...
2018-06-13 23:00:43 正在进行认证...
2018-06-13 23:00:44 认证成功
2018-06-13 23:00:56 退出客户端成功
2018-06-13 23:06:03 认证方式  有线认证
2018-06-13 23:06:03 认证网卡  enp3s0
2018-06-13 23:06:03 用户名  15109641416
2018-06-13 23:06:04 寻找认证服务器...
2018-06-13 23:06:05 连接认证服务器...
2018-06-13 23:06:06 正在进行认证...
2018-06-13 23:06:07 认证成功
2018-06-13 23:06:47 退出客户端成功
2018-06-13 23:07:28 认证方式  有线认证
2018-06-13 23:07:28 认证网卡  wlp2s0
2018-06-13 23:07:28 用户名  15109641416
2018-06-13 23:07:28 寻找认证服务器...
2018-06-13 23:07:29 2018-06-13 23:07:29 网线没有连接上，请检查网卡连接
2018-06-13 23:07:31 寻找认证服务器...
2018-06-13 23:07:34 寻找认证服务器...
2018-06-13 23:07:37 认证失败无法连接认证服务器。
2018-06-13 23:07:42 客户端提示： 网卡连接正常，连接速度:72.0 Mbps
2018-06-13 23:07:42 寻找认证服务器...
2018-06-13 23:07:45 寻找认证服务器...
2018-06-13 23:07:48 寻找认证服务器...
2018-06-13 23:07:51 认证失败无法连接认证服务器。
2018-06-13 23:08:24 退出客户端成功
2018-06-13 23:08:31 认证方式  有线认证
2018-06-13 23:08:31 认证网卡  wlp2s0
2018-06-13 23:08:31 用户名  15109641416
2018-06-13 23:08:32 寻找认证服务器...
2018-06-13 23:08:33 2018-06-13 23:08:33 网线没有连接上，请检查网卡连接
2018-06-13 23:08:35 寻找认证服务器...
2018-06-13 23:08:38 寻找认证服务器...
2018-06-13 23:08:41 认证失败无法连接认证服务器。
2018-06-13 23:09:57 退出客户端成功
2018-06-13 23:10:56 认证方式  有线认证
2018-06-13 23:10:56 认证网卡  wlp2s0
2018-06-13 23:10:56 用户名  15109641416
2018-06-13 23:10:57 寻找认证服务器...
2018-06-13 23:10:58 2018-06-13 23:10:58 网线没有连接上，请检查网卡连接
2018-06-13 23:11:00 寻找认证服务器...
2018-06-13 23:11:03 寻找认证服务器...
2018-06-13 23:11:06 认证失败无法连接认证服务器。
2018-06-14 07:21:46 认证方式  有线认证
2018-06-14 07:21:46 认证网卡  enp3s0
2018-06-14 07:21:46 用户名  15109641416
2018-06-14 07:21:46 寻找认证服务器...
2018-06-14 07:21:47 连接认证服务器...
2018-06-14 07:21:48 正在进行认证...
2018-06-14 07:21:49 认证成功
2018-06-14 07:29:17 退出客户端成功
2018-06-14 07:29:43 认证方式  有线认证
2018-06-14 07:29:43 认证网卡  enp3s0
2018-06-14 07:29:43 用户名  15109641416
2018-06-14 07:29:44 寻找认证服务器...
2018-06-14 07:29:45 连接认证服务器...
2018-06-14 07:29:46 正在进行认证...
2018-06-14 07:29:47 认证成功
2018-06-14 07:30:12 退出客户端成功
2018-06-14 07:30:21 认证方式  有线认证
2018-06-14 07:30:21 认证网卡  enp3s0
2018-06-14 07:30:21 用户名  15109641416
2018-06-14 07:30:22 寻找认证服务器...
2018-06-14 07:30:22 连接认证服务器...
2018-06-14 07:30:23 正在进行认证...
2018-06-14 07:30:24 认证成功
2018-06-14 07:35:17 退出客户端成功
2018-06-14 07:36:46 认证方式  有线认证
2018-06-14 07:36:46 认证网卡  enp3s0
2018-06-14 07:36:46 用户名  15109641416
2018-06-14 07:36:47 寻找认证服务器...
2018-06-14 07:36:48 连接认证服务器...
2018-06-14 07:36:49 正在进行认证...
2018-06-14 07:36:50 认证成功
2018-06-14 07:38:16 退出客户端成功
2018-06-14 07:38:25 认证方式  有线认证
2018-06-14 07:38:25 认证网卡  enp3s0
2018-06-14 07:38:25 用户名  15109641416
2018-06-14 07:38:25 寻找认证服务器...
2018-06-14 07:38:26 连接认证服务器...
2018-06-14 07:38:27 正在进行认证...
2018-06-14 07:38:28 认证成功
2018-06-14 07:47:03 退出客户端成功
2018-06-14 07:47:09 认证方式  有线认证
2018-06-14 07:47:09 认证网卡  enp3s0
2018-06-14 07:47:09 用户名  15109641416
2018-06-14 07:47:10 寻找认证服务器...
2018-06-14 07:47:10 连接认证服务器...
2018-06-14 07:47:11 正在进行认证...
2018-06-14 07:47:12 认证成功
2018-06-14 07:49:14 退出客户端成功
2018-06-14 07:49:27 认证方式  有线认证
2018-06-14 07:49:27 认证网卡  enp3s0
2018-06-14 07:49:27 用户名  15109641416
2018-06-14 07:49:28 寻找认证服务器...
2018-06-14 07:49:29 连接认证服务器...
2018-06-14 07:49:30 正在进行认证...
2018-06-14 07:49:31 认证成功
2018-06-14 07:50:07 退出客户端成功
2018-06-14 07:50:26 认证方式  有线认证
2018-06-14 07:50:26 认证网卡  enp3s0
2018-06-14 07:50:26 用户名  15109641416
2018-06-14 07:50:27 寻找认证服务器...
2018-06-14 07:50:28 连接认证服务器...
2018-06-14 07:50:29 正在进行认证...
2018-06-14 07:50:30 认证成功
2018-06-14 07:50:51 退出客户端成功
2018-06-14 07:51:16 认证方式  有线认证
2018-06-14 07:51:16 认证网卡  enp3s0
2018-06-14 07:51:16 用户名  123
2018-06-14 07:51:16 寻找认证服务器...
2018-06-14 07:51:17 连接认证服务器...
2018-06-14 07:51:18 正在进行认证...
2018-06-14 07:51:19 认证失败密码错误，请重新输入。
2018-06-14 07:51:40 认证方式  有线认证
2018-06-14 07:51:40 认证网卡  enp3s0
2018-06-14 07:51:40 用户名  15109641416
2018-06-14 07:51:40 寻找认证服务器...
2018-06-14 07:51:41 连接认证服务器...
2018-06-14 07:51:42 正在进行认证...
2018-06-14 07:51:43 认证成功
2018-06-14 12:55:03 退出客户端成功
2018-06-14 12:55:57 认证方式  有线认证
2018-06-14 12:55:57 认证网卡  enp3s0
2018-06-14 12:55:57 用户名  15109641416
2018-06-14 12:55:58 寻找认证服务器...
2018-06-14 12:55:58 连接认证服务器...
2018-06-14 12:55:59 正在进行认证...
2018-06-14 12:56:01 认证成功
2018-06-14 13:05:30 退出客户端成功
2018-06-14 13:05:40 认证方式  有线认证
2018-06-14 13:05:40 认证网卡  enp3s0
2018-06-14 13:05:40 用户名  123
2018-06-14 13:05:40 寻找认证服务器...
2018-06-14 13:05:41 连接认证服务器...
2018-06-14 13:05:42 正在进行认证...
2018-06-14 13:05:43 认证失败密码错误，请重新输入。
2018-06-14 13:06:43 认证方式  有线认证
2018-06-14 13:06:43 认证网卡  enp3s0
2018-06-14 13:06:43 用户名  15109641416
2018-06-14 13:06:43 寻找认证服务器...
2018-06-14 13:06:44 连接认证服务器...
2018-06-14 13:06:45 正在进行认证...
2018-06-14 13:06:46 认证成功
2018-06-14 13:22:43 退出客户端成功
2018-06-14 13:22:57 认证方式  有线认证
2018-06-14 13:22:57 认证网卡  enp3s0
2018-06-14 13:22:57 用户名  15109641416
2018-06-14 13:22:58 寻找认证服务器...
2018-06-14 13:22:59 连接认证服务器...
2018-06-14 13:23:00 正在进行认证...
2018-06-14 13:23:01 认证成功
2018-06-14 13:23:10 退出客户端成功
2018-06-14 13:23:17 认证方式  有线认证
2018-06-14 13:23:17 认证网卡  enp3s0
2018-06-14 13:23:17 用户名  15109641416
2018-06-14 13:23:17 寻找认证服务器...
2018-06-14 13:23:18 连接认证服务器...
2018-06-14 13:23:19 正在进行认证...
2018-06-14 13:23:20 认证成功
2018-06-14 13:23:27 退出客户端成功
2018-06-14 13:26:20 认证方式  有线认证
2018-06-14 13:26:20 认证网卡  enp3s0
2018-06-14 13:26:20 用户名  15109641416
2018-06-14 13:26:20 寻找认证服务器...
2018-06-14 13:26:21 连接认证服务器...
2018-06-14 13:26:22 正在进行认证...
2018-06-14 13:26:23 认证成功
2018-06-15 07:57:14 认证方式  有线认证
2018-06-15 07:57:14 认证网卡  enp3s0
2018-06-15 07:57:14 用户名  15109641416
2018-06-15 07:57:15 寻找认证服务器...
2018-06-15 07:57:16 连接认证服务器...
2018-06-15 07:57:17 正在进行认证...
2018-06-15 07:57:18 认证成功
2018-06-15 17:07:38 退出客户端成功
2018-06-15 17:07:47 认证方式  有线认证
2018-06-15 17:07:47 认证网卡  enp3s0
2018-06-15 17:07:47 用户名  15109641416
2018-06-15 17:07:48 寻找认证服务器...
2018-06-15 17:07:49 连接认证服务器...
2018-06-15 17:07:50 正在进行认证...
2018-06-15 17:07:51 认证成功
2018-06-15 18:05:23 2018-06-15 18:05:23 网线没有连接上，请检查网卡连接
2018-06-15 18:05:36 客户端提示： 网卡连接正常，连接速度:100.0 Mbps
2018-06-15 18:05:36 寻找认证服务器...
2018-06-15 18:05:37 连接认证服务器...
2018-06-15 18:05:38 正在进行认证...
2018-06-15 18:05:39 认证成功
2018-06-15 18:19:52 认证方式  有线认证
2018-06-15 18:19:52 认证网卡  enp3s0
2018-06-15 18:19:52 用户名  15109641416
2018-06-15 18:19:53 寻找认证服务器...
2018-06-15 18:19:54 连接认证服务器...
2018-06-15 18:19:55 正在进行认证...
2018-06-15 18:19:56 认证成功
2018-06-15 18:27:33 退出客户端成功
2018-06-17 08:57:36 认证方式  有线认证
2018-06-17 08:57:36 认证网卡  enp3s0
2018-06-17 08:57:36 用户名  15109641416
2018-06-17 08:57:37 寻找认证服务器...
2018-06-17 08:57:38 连接认证服务器...
2018-06-17 08:57:39 正在进行认证...
2018-06-17 08:57:40 认证成功
2018-06-17 11:41:18 2018-06-17 11:41:18 网线没有连接上，请检查网卡连接
2018-06-17 14:01:31 客户端提示： 网卡连接正常，连接速度:100.0 Mbps
2018-06-17 14:02:16 退出客户端成功
2018-06-17 14:02:28 认证方式  有线认证
2018-06-17 14:02:28 认证网卡  enp3s0
2018-06-17 14:02:28 用户名  15109641416
2018-06-17 14:02:29 寻找认证服务器...
2018-06-17 14:02:30 连接认证服务器...
2018-06-17 14:02:31 正在进行认证...
2018-06-17 14:02:32 认证成功
2018-06-17 14:28:19 2018-06-17 14:28:19 网线没有连接上，请检查网卡连接
2018-06-17 14:30:04 客户端提示： 网卡连接正常，连接速度:100.0 Mbps
2018-06-17 18:31:57 退出客户端成功
2018-06-18 09:04:31 认证方式  有线认证
2018-06-18 09:04:31 认证网卡  enp3s0
2018-06-18 09:04:31 用户名  15109641416
2018-06-18 09:04:32 寻找认证服务器...
2018-06-18 09:04:33 连接认证服务器...
2018-06-18 09:04:34 正在进行认证...
2018-06-18 09:04:35 认证成功
2018-06-18 14:12:19 2018-06-18 14:12:19 网线没有连接上，请检查网卡连接
2018-06-18 16:47:35 客户端提示： 网卡连接正常，连接速度:100.0 Mbps
2018-06-18 16:47:35 2018-06-18 16:47:35 网卡已被禁用,请检查网卡
2018-06-18 16:47:38 客户端提示： 网卡连接正常，连接速度:100.0 Mbps
2018-06-18 16:47:49 退出客户端成功
2018-06-19 12:43:42 认证方式  有线认证
2018-06-19 12:43:42 认证网卡  enp3s0
2018-06-19 12:43:42 用户名  15109641416
2018-06-19 12:43:43 寻找认证服务器...
2018-06-19 12:43:44 连接认证服务器...
2018-06-19 12:43:45 正在进行认证...
2018-06-19 12:43:46 认证成功
2018-06-19 12:45:16 2018-06-19 12:45:16 网线没有连接上，请检查网卡连接
2018-06-19 12:46:06 客户端提示： 网卡连接正常，连接速度:100.0 Mbps
2018-06-19 12:46:06 寻找认证服务器...
2018-06-19 12:46:07 连接认证服务器...
2018-06-19 12:46:08 正在进行认证...
2018-06-19 12:46:09 认证成功
2018-06-19 16:48:24 2018-06-19 16:48:24 网线没有连接上，请检查网卡连接
2018-06-19 16:49:40 客户端提示： 网卡连接正常，连接速度:100.0 Mbps
2018-06-19 16:53:09 2018-06-19 16:53:09 网线没有连接上，请检查网卡连接
2018-06-19 17:12:27 客户端提示： 网卡连接正常，连接速度:100.0 Mbps
2018-06-19 17:12:27 寻找认证服务器...
2018-06-19 17:12:29 连接认证服务器...
2018-06-19 17:12:30 正在进行认证...
2018-06-19 17:12:31 认证成功
2018-06-19 19:25:15 退出客户端成功
2018-06-19 19:25:35 认证方式  有线认证
2018-06-19 19:25:35 认证网卡  enp3s0
2018-06-19 19:25:35 用户名  15109641416
2018-06-19 19:25:35 寻找认证服务器...
2018-06-19 19:25:36 连接认证服务器...
2018-06-19 19:25:37 正在进行认证...
2018-06-19 19:25:38 认证成功
2018-06-19 21:01:58 退出客户端成功
2018-06-20 08:36:59 认证方式  有线认证
2018-06-20 08:36:59 认证网卡  enp3s0
2018-06-20 08:36:59 用户名  15109641416
2018-06-20 08:37:00 寻找认证服务器...
2018-06-20 08:37:00 连接认证服务器...
2018-06-20 08:37:02 正在进行认证...
2018-06-20 08:37:03 认证成功
2018-06-20 17:49:31 退出客户端成功
2018-06-20 17:49:43 认证方式  有线认证
2018-06-20 17:49:43 认证网卡  enp3s0
2018-06-20 17:49:43 用户名  15109641416
2018-06-20 17:49:44 寻找认证服务器...
2018-06-20 17:49:45 连接认证服务器...
2018-06-20 17:49:46 正在进行认证...
2018-06-20 17:49:47 认证成功
2018-06-21 09:19:28 认证方式  有线认证
2018-06-21 09:19:28 认证网卡  enp3s0
2018-06-21 09:19:28 用户名  15109641416
2018-06-21 09:19:29 寻找认证服务器...
2018-06-21 09:19:30 连接认证服务器...
2018-06-21 09:19:31 正在进行认证...
2018-06-21 09:19:32 认证成功
2018-06-21 10:04:30 退出客户端成功
2018-06-21 10:06:01 认证方式  有线认证
2018-06-21 10:06:01 认证网卡  enp3s0
2018-06-21 10:06:01 用户名  15109641416
2018-06-21 10:06:02 寻找认证服务器...
2018-06-21 10:06:03 连接认证服务器...
2018-06-21 10:06:04 正在进行认证...
2018-06-21 10:06:05 认证成功
2018-06-21 21:05:54 退出客户端成功
2018-06-22 07:10:37 认证方式  有线认证
2018-06-22 07:10:37 认证网卡  enp3s0
2018-06-22 07:10:37 用户名  15109641416
2018-06-22 07:10:38 寻找认证服务器...
2018-06-22 07:10:39 连接认证服务器...
2018-06-22 07:10:40 正在进行认证...
2018-06-22 07:10:41 认证成功
2018-06-22 11:55:18 退出客户端成功
2018-06-22 11:56:39 认证方式  有线认证
2018-06-22 11:56:39 认证网卡  enp3s0
2018-06-22 11:56:39 用户名  15109641416
2018-06-22 11:56:40 寻找认证服务器...
2018-06-22 11:56:41 连接认证服务器...
2018-06-22 11:56:42 正在进行认证...
2018-06-22 11:56:43 认证成功
2018-06-22 13:38:25 退出客户端成功
2018-06-22 14:07:52 认证方式  有线认证
2018-06-22 14:07:52 认证网卡  enp3s0
2018-06-22 14:07:52 用户名  15109641416
2018-06-22 14:07:52 寻找认证服务器...
2018-06-22 14:07:53 连接认证服务器...
2018-06-22 14:07:54 正在进行认证...
2018-06-22 14:07:55 认证成功
2018-06-22 15:57:38 退出客户端成功
2018-06-22 16:01:28 认证方式  有线认证
2018-06-22 16:01:28 认证网卡  enp3s0
2018-06-22 16:01:28 用户名  15109641416
2018-06-22 16:01:29 寻找认证服务器...
2018-06-22 16:01:30 连接认证服务器...
2018-06-22 16:01:31 正在进行认证...
2018-06-22 16:01:32 认证成功
2018-06-22 16:02:03 退出客户端成功
2018-06-22 16:02:11 认证方式  有线认证
2018-06-22 16:02:11 认证网卡  enp3s0
2018-06-22 16:02:11 用户名  15109641416
2018-06-22 16:02:12 寻找认证服务器...
2018-06-22 16:02:13 连接认证服务器...
2018-06-22 16:02:14 正在进行认证...
2018-06-22 16:02:15 认证成功
2018-06-22 20:43:05 退出客户端成功
2018-06-23 08:11:16 认证方式  有线认证
2018-06-23 08:11:16 认证网卡  enp3s0
2018-06-23 08:11:16 用户名  15109641416
2018-06-23 08:12:14 退出客户端成功
2018-06-23 08:12:22 认证方式  有线认证
2018-06-23 08:12:22 认证网卡  enp3s0
2018-06-23 08:12:22 用户名  15109641416
2018-06-23 08:14:21 退出客户端成功
2018-06-23 08:14:27 认证方式  有线认证
2018-06-23 08:14:27 认证网卡  enp3s0
2018-06-23 08:14:27 用户名  15109641416
2018-06-23 08:14:28 寻找认证服务器...
2018-06-23 08:14:29 连接认证服务器...
2018-06-23 08:14:30 正在进行认证...
2018-06-23 08:14:31 认证成功
2018-06-23 14:12:34 2018-06-23 14:12:34 网线没有连接上，请检查网卡连接
2018-06-23 14:12:36 客户端提示： 网卡连接正常，连接速度:100.0 Mbps
2018-06-23 14:12:36 寻找认证服务器...
2018-06-23 14:12:38 连接认证服务器...
2018-06-23 14:12:39 正在进行认证...
2018-06-23 14:12:40 认证成功
2018-06-23 14:40:10 认证方式  有线认证
2018-06-23 14:40:10 认证网卡  enp3s0
2018-06-23 14:40:10 用户名  15109641416
2018-06-23 14:40:11 寻找认证服务器...
2018-06-23 14:40:12 认证失败
2018-06-23 14:40:12 连接认证服务器...
2018-06-23 14:40:13 正在进行认证...
2018-06-23 14:40:14 认证成功
2018-06-23 20:15:04 退出客户端成功
2018-06-24 09:11:53 认证方式  有线认证
2018-06-24 09:11:53 认证网卡  enp3s0
2018-06-24 09:11:53 用户名  15109641416
2018-06-24 09:11:54 寻找认证服务器...
2018-06-24 09:11:55 连接认证服务器...
2018-06-24 09:11:56 正在进行认证...
2018-06-24 09:11:57 认证成功
2018-06-24 14:18:11 退出客户端成功
2018-06-24 14:19:30 认证方式  有线认证
2018-06-24 14:19:30 认证网卡  enp3s0
2018-06-24 14:19:30 用户名  15109641416
2018-06-24 14:19:30 寻找认证服务器...
2018-06-24 14:19:31 连接认证服务器...
2018-06-24 14:19:32 正在进行认证...
2018-06-24 14:19:33 认证成功
2018-06-24 21:02:48 退出客户端成功
2018-06-25 09:30:50 认证方式  有线认证
2018-06-25 09:30:50 认证网卡  enp3s0
2018-06-25 09:30:50 用户名  15109641416
2018-06-25 09:30:50 寻找认证服务器...
2018-06-25 09:30:51 连接认证服务器...
2018-06-25 09:30:52 正在进行认证...
2018-06-25 09:30:53 认证成功
2018-06-25 21:07:56 退出客户端成功
2018-06-26 08:22:16 认证方式  有线认证
2018-06-26 08:22:16 认证网卡  enp3s0
2018-06-26 08:22:16 用户名  15109641416
2018-06-26 08:22:16 寻找认证服务器...
2018-06-26 08:22:17 连接认证服务器...
2018-06-26 08:22:18 正在进行认证...
2018-06-26 08:22:19 认证成功
2018-06-26 08:47:18 退出客户端成功
2018-06-26 08:50:02 认证方式  有线认证
2018-06-26 08:50:02 认证网卡  enp3s0
2018-06-26 08:50:02 用户名  15109641416
2018-06-26 08:50:02 寻找认证服务器...
2018-06-26 08:50:03 连接认证服务器...
2018-06-26 08:50:04 正在进行认证...
2018-06-26 08:50:05 认证成功
2018-06-26 14:33:13 退出客户端成功
2018-06-26 14:34:08 认证方式  有线认证
2018-06-26 14:34:08 认证网卡  enp3s0
2018-06-26 14:34:08 用户名  15109641416
2018-06-26 14:34:08 寻找认证服务器...
2018-06-26 14:34:09 连接认证服务器...
2018-06-26 14:34:10 正在进行认证...
2018-06-26 14:34:11 认证成功
2018-06-26 17:20:01 退出客户端成功
2018-06-27 09:00:55 认证方式  有线认证
2018-06-27 09:00:55 认证网卡  enp3s0
2018-06-27 09:00:55 用户名  15109641416
2018-06-27 09:00:56 寻找认证服务器...
2018-06-27 09:00:57 连接认证服务器...
2018-06-27 09:00:58 正在进行认证...
2018-06-27 09:00:59 认证成功
2018-06-27 20:34:08 退出客户端成功
2018-06-28 07:22:52 认证方式  有线认证
2018-06-28 07:22:52 认证网卡  enp3s0
2018-06-28 07:22:52 用户名  15109641416
2018-06-28 07:22:53 寻找认证服务器...
2018-06-28 07:22:54 连接认证服务器...
2018-06-28 07:22:55 正在进行认证...
2018-06-28 07:22:56 认证成功
2018-06-28 11:16:57 退出客户端成功
2018-06-28 11:19:43 认证方式  有线认证
2018-06-28 11:19:43 认证网卡  enp3s0
2018-06-28 11:19:43 用户名  15109641416
2018-06-28 11:19:44 寻找认证服务器...
2018-06-28 11:19:45 连接认证服务器...
2018-06-28 11:19:46 正在进行认证...
2018-06-28 11:19:47 认证成功
2018-06-28 15:08:50 退出客户端成功
2018-06-29 08:43:47 认证方式  有线认证
2018-06-29 08:43:47 认证网卡  enp3s0
2018-06-29 08:43:47 用户名  15109641416
2018-06-29 08:43:48 寻找认证服务器...
2018-06-29 08:43:49 连接认证服务器...
2018-06-29 08:43:50 正在进行认证...
2018-06-29 08:43:51 认证成功
2018-09-03 10:52:08 认证方式  有线认证
2018-09-03 10:52:08 认证网卡  enp3s0
2018-09-03 10:52:08 用户名  15109641416
2018-09-03 10:52:08 寻找认证服务器...
2018-09-03 10:52:09 连接认证服务器...
2018-09-03 10:52:10 正在进行认证...
2018-09-03 10:52:11 认证成功
2018-09-03 10:53:47 退出客户端成功
2018-09-03 10:54:17 认证方式  有线认证
2018-09-03 10:54:17 认证网卡  enp3s0
2018-09-03 10:54:17 用户名  15109641416
2018-09-03 10:54:17 寻找认证服务器...
2018-09-03 10:54:18 连接认证服务器...
2018-09-03 10:54:19 正在进行认证...
2018-09-03 10:54:20 认证成功
2018-09-03 10:56:03 退出客户端成功
2018-09-03 10:56:15 认证方式  有线认证
2018-09-03 10:56:15 认证网卡  enp3s0
2018-09-03 10:56:15 用户名  15109641416
2018-09-03 10:56:15 寻找认证服务器...
2018-09-03 10:56:16 连接认证服务器...
2018-09-03 10:56:17 正在进行认证...
2018-09-03 10:56:18 认证成功
2018-09-03 10:58:28 退出客户端成功
2018-09-03 10:58:37 认证方式  有线认证
2018-09-03 10:58:37 认证网卡  enp3s0
2018-09-03 10:58:37 用户名  15109641416
2018-09-03 10:58:37 寻找认证服务器...
2018-09-03 10:58:38 连接认证服务器...
2018-09-03 10:58:39 正在进行认证...
2018-09-03 10:58:40 认证成功
